01-06-2021 13:09:51.420 [Gauge] [INFO] Initializing concepts cache with 0 concepts
01-06-2021 13:09:51.420 [Gauge] [ERROR] Unable to add directory C:\Users\testinium\IdeaProjects\GaugeProject\C:\Users\testinium\IdeaProjects\GaugeProject\specs\example.spec to file watcher: GetFileAttributes: The filename, directory name, or volume label syntax is incorrect.
01-06-2021 13:09:51.429 [Gauge] [INFO] Initializing specs cache with 1 specs
01-06-2021 13:09:51.429 [Gauge] [DEBUG] Adding specs from C:\Users\testinium\IdeaProjects\GaugeProject\specs\example.spec
01-06-2021 13:09:51.429 [Gauge] [INFO] Initializing steps cache with 1 steps
01-06-2021 13:09:53.706 [Gauge] [DEBUG] Api Request Received: messageType:SpecsRequest messageId:1622542193694551000 specsRequest:<> 
01-06-2021 13:09:53.707 [Gauge] [DEBUG] Sending API response: messageType:SpecsResponse messageId:1622542193694551000 specsResponse:<details:<spec:<specHeading:"Specification Heading" items:<itemType:Comment comment:<text:"\n" > > items:<itemType:Comment comment:<text:"This is an executable specification file. This file follows markdown syntax." > > items:<itemType:Comment comment:<text:"Every heading in this file denotes a scenario. Every bulleted point denotes a step." > > items:<itemType:Comment comment:<text:"\n" > > items:<itemType:Comment comment:<text:"To execute this specification, run" > > items:<itemType:Comment comment:<text:"\tgauge specs" > > items:<itemType:Comment comment:<text:"\n" > > items:<itemType:Comment comment:<text:"\n" > > items:<step:<actualText:"Vowels in English language are \"aeiou\"." parsedText:"Vowels in English language are {}." fragments:<text:"Vowels in English language are " > fragments:<fragmentType:Parameter parameter:<value:"aeiou" > > fragments:<text:"." > > > items:<itemType:Scenario scenario:<scenarioHeading:"Vowel counts in single word" scenarioItems:<itemType:Comment comment:<text:"\n" > > scenarioItems:<itemType:Tags tags:<tags:"single word" > > scenarioItems:<itemType:Comment comment:<text:"\n" > > scenarioItems:<step:<actualText:"The word \"gauge\" has \"3\" vowels." parsedText:"The word {} has {} vowels." fragments:<text:"The word " > fragments:<fragmentType:Parameter parameter:<value:"gauge" > > fragments:<text:" has " > fragments:<fragmentType:Parameter parameter:<value:"3" > > fragments:<text:" vowels." > > > tags:"single word" span:<start:13 end:20 > > > items:<itemType:Scenario scenario:<scenarioHeading:"Vowel counts in multiple word" scenarioItems:<itemType:Comment comment:<text:"\n" > > scenarioItems:<itemType:Comment comment:<text:"This is the second scenario in this specification" > > scenarioItems:<itemType:Comment comment:<text:"\n" > > scenarioItems:<itemType:Comment comment:<text:"Here's a step that takes a table" > > scenarioItems:<itemType:Comment comment:<text:"\n" > > scenarioItems:<step:<actualText:"Almost all words have vowels" parsedText:"Almost all words have vowels {}" fragments:<text:"Almost all words have vowels " > fragments:<fragmentType:Parameter parameter:<parameterType:Table table:<headers:<cells:"Word" cells:"Vowel Count" > rows:<cells:"Gauge" cells:"3" > rows:<cells:"Mingle" cells:"2" > rows:<cells:"Snap" cells:"1" > rows:<cells:"GoCD" cells:"1" > rows:<cells:"Rhythm" cells:"0" > > > > > > span:<start:21 end:35 > > > fileName:"C:\\Users\\testinium\\IdeaProjects\\GaugeProject\\specs\\example.spec" > > > 
01-06-2021 13:09:53.708 [Gauge] [INFO] Closing connection [127.0.0.1:57566] cause: EOF
02-06-2021 21:13:07.606 [Gauge] [DEBUG] Created gauge_screenshots_dir at C:\Users\testinium\IdeaProjects\GaugeProject\.gauge\screenshots
02-06-2021 21:13:07.625 [Gauge] [DEBUG] Plugin java is already installed.
02-06-2021 21:13:07.633 [Gauge] [DEBUG] Plugin html-report is already installed.
02-06-2021 21:13:07.634 [Gauge] [DEBUG] Parsing started.
02-06-2021 21:13:07.634 [Gauge] [DEBUG] Started concepts parsing.
02-06-2021 21:13:07.638 [Gauge] [DEBUG] 0 concepts parsing completed.
02-06-2021 21:13:07.638 [Gauge] [DEBUG] Started specifications parsing.
02-06-2021 21:13:07.638 [Gauge] [ERROR] [ParseError] C:\Users\testinium\IdeaProjects\GaugeProject\specs\example.spec:1 Spec should have atleast one scenario => ''
02-06-2021 21:13:07.638 [Gauge] [DEBUG] 1 specifications parsing completed.
02-06-2021 21:13:07.639 [Gauge] [DEBUG] Parsing completed.
02-06-2021 21:13:07.641 [Gauge] [DEBUG] Staring java runner
02-06-2021 21:13:07.744 [java] [DEBUG] classpath set to C:\Program Files\Java\jdk1.8.0_291\jre\lib\charsets.jar;C:\Program Files\Java\jdk1.8.0_291\jre\lib\deploy.jar;C:\Program Files\Java\jdk1.8.0_291\jre\lib\ext\access-bridge-64.jar;C:\Program Files\Java\jdk1.8.0_291\jre\lib\ext\cldrdata.jar;C:\Program Files\Java\jdk1.8.0_291\jre\lib\ext\dnsns.jar;C:\Program Files\Java\jdk1.8.0_291\jre\lib\ext\jaccess.jar;C:\Program Files\Java\jdk1.8.0_291\jre\lib\ext\jfxrt.jar;C:\Program Files\Java\jdk1.8.0_291\jre\lib\ext\localedata.jar;C:\Program Files\Java\jdk1.8.0_291\jre\lib\ext\nashorn.jar;C:\Program Files\Java\jdk1.8.0_291\jre\lib\ext\sunec.jar;C:\Program Files\Java\jdk1.8.0_291\jre\lib\ext\sunjce_provider.jar;C:\Program Files\Java\jdk1.8.0_291\jre\lib\ext\sunmscapi.jar;C:\Program Files\Java\jdk1.8.0_291\jre\lib\ext\sunpkcs11.jar;C:\Program Files\Java\jdk1.8.0_291\jre\lib\ext\zipfs.jar;C:\Program Files\Java\jdk1.8.0_291\jre\lib\javaws.jar;C:\Program Files\Java\jdk1.8.0_291\jre\lib\jce.jar;C:\Program Files\Java\jdk1.8.0_291\jre\lib\jfr.jar;C:\Program Files\Java\jdk1.8.0_291\jre\lib\jfxswt.jar;C:\Program Files\Java\jdk1.8.0_291\jre\lib\jsse.jar;C:\Program Files\Java\jdk1.8.0_291\jre\lib\management-agent.jar;C:\Program Files\Java\jdk1.8.0_291\jre\lib\plugin.jar;C:\Program Files\Java\jdk1.8.0_291\jre\lib\resources.jar;C:\Program Files\Java\jdk1.8.0_291\jre\lib\rt.jar;C:\Users\testinium\IdeaProjects\GaugeProject\target\test-classes;C:\Users\testinium\IdeaProjects\GaugeProject\target\classes;C:\Users\testinium\.m2\repository\junit\junit\4.12\junit-4.12.jar;C:\Users\testinium\.m2\repository\org\hamcrest\hamcrest-core\1.3\hamcrest-core-1.3.jar;C:\Users\testinium\.m2\repository\com\thoughtworks\gauge\gauge-java\0.7.3\gauge-java-0.7.3.jar;C:\Users\testinium\.m2\repository\org\assertj\assertj-core\3.14.0\assertj-core-3.14.0.jar;C:\Users\testinium\.m2\repository\org\reflections\reflections\0.9.11\reflections-0.9.11.jar;C:\Users\testinium\.m2\repository\org\javassist\javassist\3.21.0-GA\javassist-3.21.0-GA.jar;C:\Users\testinium\.m2\repository\com\github\javaparser\javaparser-core\2.5.1\javaparser-core-2.5.1.jar;C:\Users\testinium\.m2\repository\commons-io\commons-io\2.6\commons-io-2.6.jar;C:\Users\testinium\.m2\repository\commons-lang\commons-lang\2.6\commons-lang-2.6.jar;C:\Users\testinium\.m2\repository\org\json\json\20190722\json-20190722.jar;C:\Users\testinium\.m2\repository\com\google\protobuf\protobuf-java\3.10.0\protobuf-java-3.10.0.jar;C:\Users\testinium\.m2\repository\com\google\guava\guava\28.1-jre\guava-28.1-jre.jar;C:\Users\testinium\.m2\repository\com\google\guava\failureaccess\1.0.1\failureaccess-1.0.1.jar;C:\Users\testinium\.m2\repository\com\google\guava\listenablefuture\9999.0-empty-to-avoid-conflict-with-guava\listenablefuture-9999.0-empty-to-avoid-conflict-with-guava.jar;C:\Users\testinium\.m2\repository\com\google\code\findbugs\jsr305\3.0.2\jsr305-3.0.2.jar;C:\Users\testinium\.m2\repository\org\checkerframework\checker-qual\2.8.1\checker-qual-2.8.1.jar;C:\Users\testinium\.m2\repository\com\google\errorprone\error_prone_annotations\2.3.2\error_prone_annotations-2.3.2.jar;C:\Users\testinium\.m2\repository\com\google\j2objc\j2objc-annotations\1.3\j2objc-annotations-1.3.jar;C:\Users\testinium\.m2\repository\org\codehaus\mojo\animal-sniffer-annotations\1.18\animal-sniffer-annotations-1.18.jar;C:\Users\testinium\.m2\repository\io\grpc\grpc-netty-shaded\1.25.0\grpc-netty-shaded-1.25.0.jar;C:\Users\testinium\.m2\repository\io\grpc\grpc-core\1.25.0\grpc-core-1.25.0.jar;C:\Users\testinium\.m2\repository\io\grpc\grpc-api\1.25.0\grpc-api-1.25.0.jar;C:\Users\testinium\.m2\repository\io\grpc\grpc-context\1.25.0\grpc-context-1.25.0.jar;C:\Users\testinium\.m2\repository\com\google\android\annotations\4.1.1.4\annotations-4.1.1.4.jar;C:\Users\testinium\.m2\repository\io\perfmark\perfmark-api\0.19.0\perfmark-api-0.19.0.jar;C:\Users\testinium\.m2\repository\io\opencensus\opencensus-api\0.21.0\opencensus-api-0.21.0.jar;C:\Users\testinium\.m2\repository\io\opencensus\opencensus-contrib-grpc-metrics\0.21.0\opencensus-contrib-grpc-metrics-0.21.0.jar;C:\Users\testinium\.m2\repository\io\grpc\grpc-protobuf\1.24.1\grpc-protobuf-1.24.1.jar;C:\Users\testinium\.m2\repository\com\google\api\grpc\proto-google-common-protos\1.12.0\proto-google-common-protos-1.12.0.jar;C:\Users\testinium\.m2\repository\io\grpc\grpc-protobuf-lite\1.24.1\grpc-protobuf-lite-1.24.1.jar;C:\Users\testinium\.m2\repository\io\grpc\grpc-stub\1.24.1\grpc-stub-1.24.1.jar;C:\Users\testinium\.m2\repository\javax\annotation\javax.annotation-api\1.3.2\javax.annotation-api-1.3.2.jar;C:\Users\testinium\.m2\repository\io\appium\java-client\7.3.0\java-client-7.3.0.jar;C:\Users\testinium\.m2\repository\org\seleniumhq\selenium\selenium-java\3.141.59\selenium-java-3.141.59.jar;C:\Users\testinium\.m2\repository\org\seleniumhq\selenium\selenium-chrome-driver\3.141.59\selenium-chrome-driver-3.141.59.jar;C:\Users\testinium\.m2\repository\org\seleniumhq\selenium\selenium-edge-driver\3.141.59\selenium-edge-driver-3.141.59.jar;C:\Users\testinium\.m2\repository\org\seleniumhq\selenium\selenium-firefox-driver\3.141.59\selenium-firefox-driver-3.141.59.jar;C:\Users\testinium\.m2\repository\org\seleniumhq\selenium\selenium-ie-driver\3.141.59\selenium-ie-driver-3.141.59.jar;C:\Users\testinium\.m2\repository\org\seleniumhq\selenium\selenium-opera-driver\3.141.59\selenium-opera-driver-3.141.59.jar;C:\Users\testinium\.m2\repository\org\seleniumhq\selenium\selenium-remote-driver\3.141.59\selenium-remote-driver-3.141.59.jar;C:\Users\testinium\.m2\repository\org\seleniumhq\selenium\selenium-safari-driver\3.141.59\selenium-safari-driver-3.141.59.jar;C:\Users\testinium\.m2\repository\net\bytebuddy\byte-buddy\1.8.15\byte-buddy-1.8.15.jar;C:\Users\testinium\.m2\repository\org\apache\commons\commons-exec\1.3\commons-exec-1.3.jar;C:\Users\testinium\.m2\repository\com\squareup\okhttp3\okhttp\3.11.0\okhttp-3.11.0.jar;C:\Users\testinium\.m2\repository\com\squareup\okio\okio\1.14.0\okio-1.14.0.jar;C:\Users\testinium\.m2\repository\org\seleniumhq\selenium\selenium-support\3.141.59\selenium-support-3.141.59.jar;C:\Users\testinium\.m2\repository\org\seleniumhq\selenium\selenium-api\3.141.59\selenium-api-3.141.59.jar;C:\Users\testinium\.m2\repository\com\google\code\gson\gson\2.8.5\gson-2.8.5.jar;C:\Users\testinium\.m2\repository\org\apache\httpcomponents\httpclient\4.5.9\httpclient-4.5.9.jar;C:\Users\testinium\.m2\repository\org\apache\httpcomponents\httpcore\4.4.11\httpcore-4.4.11.jar;C:\Users\testinium\.m2\repository\commons-logging\commons-logging\1.2\commons-logging-1.2.jar;C:\Users\testinium\.m2\repository\cglib\cglib\3.2.12\cglib-3.2.12.jar;C:\Users\testinium\.m2\repository\org\ow2\asm\asm\7.1\asm-7.1.jar;C:\Users\testinium\.m2\repository\commons-validator\commons-validator\1.6\commons-validator-1.6.jar;C:\Users\testinium\.m2\repository\commons-beanutils\commons-beanutils\1.9.2\commons-beanutils-1.9.2.jar;C:\Users\testinium\.m2\repository\commons-digester\commons-digester\1.8.1\commons-digester-1.8.1.jar;C:\Users\testinium\.m2\repository\commons-collections\commons-collections\3.2.2\commons-collections-3.2.2.jar;C:\Users\testinium\.m2\repository\org\apache\commons\commons-lang3\3.9\commons-lang3-3.9.jar;C:\Users\testinium\.m2\repository\org\springframework\spring-context\5.1.8.RELEASE\spring-context-5.1.8.RELEASE.jar;C:\Users\testinium\.m2\repository\org\springframework\spring-aop\5.1.8.RELEASE\spring-aop-5.1.8.RELEASE.jar;C:\Users\testinium\.m2\repository\org\springframework\spring-beans\5.1.8.RELEASE\spring-beans-5.1.8.RELEASE.jar;C:\Users\testinium\.m2\repository\org\springframework\spring-core\5.1.8.RELEASE\spring-core-5.1.8.RELEASE.jar;C:\Users\testinium\.m2\repository\org\springframework\spring-jcl\5.1.8.RELEASE\spring-jcl-5.1.8.RELEASE.jar;C:\Users\testinium\.m2\repository\org\springframework\spring-expression\5.1.8.RELEASE\spring-expression-5.1.8.RELEASE.jar;C:\Users\testinium\.m2\repository\org\aspectj\aspectjweaver\1.9.4\aspectjweaver-1.9.4.jar;C:\Users\testinium\.m2\repository\org\testng\testng\6.14.3\testng-6.14.3.jar;C:\Users\testinium\.m2\repository\com\beust\jcommander\1.72\jcommander-1.72.jar;C:\Users\testinium\.m2\repository\org\apache-extras\beanshell\bsh\2.0b6\bsh-2.0b6.jar;C:\Users\testinium\.m2\repository\org\slf4j\slf4j-api\1.7.30\slf4j-api-1.7.30.jar;C:\Users\testinium\.m2\repository\org\slf4j\slf4j-log4j12\1.7.30\slf4j-log4j12-1.7.30.jar;C:\Users\testinium\.m2\repository\log4j\log4j\1.2.17\log4j-1.2.17.jar;C:\Users\testinium\.m2\repository\org\apache\poi\poi\4.1.2\poi-4.1.2.jar;C:\Users\testinium\.m2\repository\commons-codec\commons-codec\1.13\commons-codec-1.13.jar;C:\Users\testinium\.m2\repository\org\apache\commons\commons-collections4\4.4\commons-collections4-4.4.jar;C:\Users\testinium\.m2\repository\org\apache\commons\commons-math3\3.6.1\commons-math3-3.6.1.jar;C:\Users\testinium\.m2\repository\com\zaxxer\SparseBitSet\1.2\SparseBitSet-1.2.jar
02-06-2021 21:13:07.962 [Gauge] [DEBUG] Checking updates...
02-06-2021 21:13:07.963 [Gauge] [DEBUG] Downloading https://downloads.gauge.org/plugin/html-report?l=java&p=html-report,java,screenshot,spectacle,xml-report&o=windows&a=amd64
02-06-2021 21:13:08.068 [java] [DEBUG] Connecting to port: 59292
02-06-2021 21:13:08.076 [Gauge] [DEBUG] Established connection to runner.
02-06-2021 21:13:08.076 [Gauge] [DEBUG] Validation started.
02-06-2021 21:13:08.076 [java] [DEBUG] Connected to 127.0.0.1:59292
02-06-2021 21:13:08.384 [Gauge] [DEBUG] Downloading https://downloads.gauge.org/plugin/java?l=java&p=html-report,java,screenshot,spectacle,xml-report&o=windows&a=amd64
02-06-2021 21:13:08.540 [Gauge] [DEBUG] Downloading https://downloads.gauge.org/plugin/screenshot?l=java&p=html-report,java,screenshot,spectacle,xml-report&o=windows&a=amd64
02-06-2021 21:13:08.765 [Gauge] [DEBUG] Downloading https://downloads.gauge.org/plugin/spectacle?l=java&p=html-report,java,screenshot,spectacle,xml-report&o=windows&a=amd64
02-06-2021 21:13:08.950 [Gauge] [DEBUG] Downloading https://downloads.gauge.org/plugin/xml-report?l=java&p=html-report,java,screenshot,spectacle,xml-report&o=windows&a=amd64
02-06-2021 21:13:11.719 [java] [DEBUG] Scanning packages for steps
02-06-2021 21:13:11.749 [java] [DEBUG] Scanning packages for hooks
02-06-2021 21:13:13.502 [Gauge] [DEBUG] Validation completed.
02-06-2021 21:13:13.506 [Gauge] [DEBUG] Run started
02-06-2021 21:13:13.507 [Gauge] [DEBUG] Starting Html Report plugin
02-06-2021 21:13:14.084 [Gauge] [DEBUG] Attempting to connect to grpc server at port: 59300
02-06-2021 21:13:14.089 [Gauge] [DEBUG] Successfully made the connection with plugin with port: 59300
02-06-2021 21:13:14.089 [Gauge] [DEBUG] Initialising suite data store.
02-06-2021 21:13:14.112 [html-report] [DEBUG] Transformed SuiteResult to report structure
02-06-2021 21:13:14.548 [html-report] [INFO] Successfully generated html-report to => C:\Users\testinium\IdeaProjects\GaugeProject\reports\html-report\index.html
02-06-2021 21:13:14.548 [html-report] [DEBUG] Done generating HTML report using theme from C:\Users\testinium\AppData\Roaming\gauge\plugins\html-report\4.0.9\themes\default
02-06-2021 21:13:14.548 [Gauge] [DEBUG] Sending kill message to Html Report plugin.
02-06-2021 21:13:14.549 [Gauge] [DEBUG] Sending kill message to runner.
02-06-2021 21:13:14.550 [java] [DEBUG] Kill process request recieved
02-06-2021 21:13:14.650 [Gauge] [DEBUG] Runner with PID:6064 has exited
02-06-2021 21:13:14.650 [Gauge] [INFO] Specifications:	1 executed	0 passed	1 failed	0 skipped
02-06-2021 21:13:14.650 [Gauge] [INFO] Scenarios:	0 executed	0 passed	0 failed	0 skipped
02-06-2021 21:13:14.650 [Gauge] [INFO] 
Total time taken: 603ms
02-06-2021 21:13:14.651 [Gauge] [INFO] Updates are available. Run `gauge update -c` for more info.
02-06-2021 22:50:07.185 [Gauge] [DEBUG] Created gauge_screenshots_dir at C:\Users\testinium\IdeaProjects\GaugeProject\.gauge\screenshots
02-06-2021 22:50:07.193 [Gauge] [DEBUG] Plugin java is already installed.
02-06-2021 22:50:07.195 [Gauge] [DEBUG] Plugin html-report is already installed.
02-06-2021 22:50:07.196 [Gauge] [DEBUG] Parsing started.
02-06-2021 22:50:07.196 [Gauge] [DEBUG] Started concepts parsing.
02-06-2021 22:50:07.202 [Gauge] [DEBUG] 0 concepts parsing completed.
02-06-2021 22:50:07.202 [Gauge] [DEBUG] Started specifications parsing.
02-06-2021 22:50:07.203 [Gauge] [ERROR] [ParseError] C:\Users\testinium\IdeaProjects\GaugeProject\specs\example.spec:1 Spec should have atleast one scenario => ''
02-06-2021 22:50:07.203 [Gauge] [DEBUG] 1 specifications parsing completed.
02-06-2021 22:50:07.203 [Gauge] [DEBUG] Parsing completed.
02-06-2021 22:50:07.208 [Gauge] [DEBUG] Staring java runner
02-06-2021 22:50:07.239 [java] [DEBUG] classpath set to C:\Program Files\Java\jdk1.8.0_291\jre\lib\charsets.jar;C:\Program Files\Java\jdk1.8.0_291\jre\lib\deploy.jar;C:\Program Files\Java\jdk1.8.0_291\jre\lib\ext\access-bridge-64.jar;C:\Program Files\Java\jdk1.8.0_291\jre\lib\ext\cldrdata.jar;C:\Program Files\Java\jdk1.8.0_291\jre\lib\ext\dnsns.jar;C:\Program Files\Java\jdk1.8.0_291\jre\lib\ext\jaccess.jar;C:\Program Files\Java\jdk1.8.0_291\jre\lib\ext\jfxrt.jar;C:\Program Files\Java\jdk1.8.0_291\jre\lib\ext\localedata.jar;C:\Program Files\Java\jdk1.8.0_291\jre\lib\ext\nashorn.jar;C:\Program Files\Java\jdk1.8.0_291\jre\lib\ext\sunec.jar;C:\Program Files\Java\jdk1.8.0_291\jre\lib\ext\sunjce_provider.jar;C:\Program Files\Java\jdk1.8.0_291\jre\lib\ext\sunmscapi.jar;C:\Program Files\Java\jdk1.8.0_291\jre\lib\ext\sunpkcs11.jar;C:\Program Files\Java\jdk1.8.0_291\jre\lib\ext\zipfs.jar;C:\Program Files\Java\jdk1.8.0_291\jre\lib\javaws.jar;C:\Program Files\Java\jdk1.8.0_291\jre\lib\jce.jar;C:\Program Files\Java\jdk1.8.0_291\jre\lib\jfr.jar;C:\Program Files\Java\jdk1.8.0_291\jre\lib\jfxswt.jar;C:\Program Files\Java\jdk1.8.0_291\jre\lib\jsse.jar;C:\Program Files\Java\jdk1.8.0_291\jre\lib\management-agent.jar;C:\Program Files\Java\jdk1.8.0_291\jre\lib\plugin.jar;C:\Program Files\Java\jdk1.8.0_291\jre\lib\resources.jar;C:\Program Files\Java\jdk1.8.0_291\jre\lib\rt.jar;C:\Users\testinium\IdeaProjects\GaugeProject\target\test-classes;C:\Users\testinium\IdeaProjects\GaugeProject\target\classes;C:\Users\testinium\.m2\repository\junit\junit\4.12\junit-4.12.jar;C:\Users\testinium\.m2\repository\org\hamcrest\hamcrest-core\1.3\hamcrest-core-1.3.jar;C:\Users\testinium\.m2\repository\com\thoughtworks\gauge\gauge-java\0.7.3\gauge-java-0.7.3.jar;C:\Users\testinium\.m2\repository\org\assertj\assertj-core\3.14.0\assertj-core-3.14.0.jar;C:\Users\testinium\.m2\repository\org\reflections\reflections\0.9.11\reflections-0.9.11.jar;C:\Users\testinium\.m2\repository\org\javassist\javassist\3.21.0-GA\javassist-3.21.0-GA.jar;C:\Users\testinium\.m2\repository\com\github\javaparser\javaparser-core\2.5.1\javaparser-core-2.5.1.jar;C:\Users\testinium\.m2\repository\commons-io\commons-io\2.6\commons-io-2.6.jar;C:\Users\testinium\.m2\repository\commons-lang\commons-lang\2.6\commons-lang-2.6.jar;C:\Users\testinium\.m2\repository\org\json\json\20190722\json-20190722.jar;C:\Users\testinium\.m2\repository\com\google\protobuf\protobuf-java\3.10.0\protobuf-java-3.10.0.jar;C:\Users\testinium\.m2\repository\com\google\guava\guava\28.1-jre\guava-28.1-jre.jar;C:\Users\testinium\.m2\repository\com\google\guava\failureaccess\1.0.1\failureaccess-1.0.1.jar;C:\Users\testinium\.m2\repository\com\google\guava\listenablefuture\9999.0-empty-to-avoid-conflict-with-guava\listenablefuture-9999.0-empty-to-avoid-conflict-with-guava.jar;C:\Users\testinium\.m2\repository\com\google\code\findbugs\jsr305\3.0.2\jsr305-3.0.2.jar;C:\Users\testinium\.m2\repository\org\checkerframework\checker-qual\2.8.1\checker-qual-2.8.1.jar;C:\Users\testinium\.m2\repository\com\google\errorprone\error_prone_annotations\2.3.2\error_prone_annotations-2.3.2.jar;C:\Users\testinium\.m2\repository\com\google\j2objc\j2objc-annotations\1.3\j2objc-annotations-1.3.jar;C:\Users\testinium\.m2\repository\org\codehaus\mojo\animal-sniffer-annotations\1.18\animal-sniffer-annotations-1.18.jar;C:\Users\testinium\.m2\repository\io\grpc\grpc-netty-shaded\1.25.0\grpc-netty-shaded-1.25.0.jar;C:\Users\testinium\.m2\repository\io\grpc\grpc-core\1.25.0\grpc-core-1.25.0.jar;C:\Users\testinium\.m2\repository\io\grpc\grpc-api\1.25.0\grpc-api-1.25.0.jar;C:\Users\testinium\.m2\repository\io\grpc\grpc-context\1.25.0\grpc-context-1.25.0.jar;C:\Users\testinium\.m2\repository\com\google\android\annotations\4.1.1.4\annotations-4.1.1.4.jar;C:\Users\testinium\.m2\repository\io\perfmark\perfmark-api\0.19.0\perfmark-api-0.19.0.jar;C:\Users\testinium\.m2\repository\io\opencensus\opencensus-api\0.21.0\opencensus-api-0.21.0.jar;C:\Users\testinium\.m2\repository\io\opencensus\opencensus-contrib-grpc-metrics\0.21.0\opencensus-contrib-grpc-metrics-0.21.0.jar;C:\Users\testinium\.m2\repository\io\grpc\grpc-protobuf\1.24.1\grpc-protobuf-1.24.1.jar;C:\Users\testinium\.m2\repository\com\google\api\grpc\proto-google-common-protos\1.12.0\proto-google-common-protos-1.12.0.jar;C:\Users\testinium\.m2\repository\io\grpc\grpc-protobuf-lite\1.24.1\grpc-protobuf-lite-1.24.1.jar;C:\Users\testinium\.m2\repository\io\grpc\grpc-stub\1.24.1\grpc-stub-1.24.1.jar;C:\Users\testinium\.m2\repository\javax\annotation\javax.annotation-api\1.3.2\javax.annotation-api-1.3.2.jar;C:\Users\testinium\.m2\repository\io\appium\java-client\7.3.0\java-client-7.3.0.jar;C:\Users\testinium\.m2\repository\org\seleniumhq\selenium\selenium-java\3.141.59\selenium-java-3.141.59.jar;C:\Users\testinium\.m2\repository\org\seleniumhq\selenium\selenium-chrome-driver\3.141.59\selenium-chrome-driver-3.141.59.jar;C:\Users\testinium\.m2\repository\org\seleniumhq\selenium\selenium-edge-driver\3.141.59\selenium-edge-driver-3.141.59.jar;C:\Users\testinium\.m2\repository\org\seleniumhq\selenium\selenium-firefox-driver\3.141.59\selenium-firefox-driver-3.141.59.jar;C:\Users\testinium\.m2\repository\org\seleniumhq\selenium\selenium-ie-driver\3.141.59\selenium-ie-driver-3.141.59.jar;C:\Users\testinium\.m2\repository\org\seleniumhq\selenium\selenium-opera-driver\3.141.59\selenium-opera-driver-3.141.59.jar;C:\Users\testinium\.m2\repository\org\seleniumhq\selenium\selenium-remote-driver\3.141.59\selenium-remote-driver-3.141.59.jar;C:\Users\testinium\.m2\repository\org\seleniumhq\selenium\selenium-safari-driver\3.141.59\selenium-safari-driver-3.141.59.jar;C:\Users\testinium\.m2\repository\net\bytebuddy\byte-buddy\1.8.15\byte-buddy-1.8.15.jar;C:\Users\testinium\.m2\repository\org\apache\commons\commons-exec\1.3\commons-exec-1.3.jar;C:\Users\testinium\.m2\repository\com\squareup\okhttp3\okhttp\3.11.0\okhttp-3.11.0.jar;C:\Users\testinium\.m2\repository\com\squareup\okio\okio\1.14.0\okio-1.14.0.jar;C:\Users\testinium\.m2\repository\org\seleniumhq\selenium\selenium-support\3.141.59\selenium-support-3.141.59.jar;C:\Users\testinium\.m2\repository\org\seleniumhq\selenium\selenium-api\3.141.59\selenium-api-3.141.59.jar;C:\Users\testinium\.m2\repository\com\google\code\gson\gson\2.8.5\gson-2.8.5.jar;C:\Users\testinium\.m2\repository\org\apache\httpcomponents\httpclient\4.5.9\httpclient-4.5.9.jar;C:\Users\testinium\.m2\repository\org\apache\httpcomponents\httpcore\4.4.11\httpcore-4.4.11.jar;C:\Users\testinium\.m2\repository\commons-logging\commons-logging\1.2\commons-logging-1.2.jar;C:\Users\testinium\.m2\repository\cglib\cglib\3.2.12\cglib-3.2.12.jar;C:\Users\testinium\.m2\repository\org\ow2\asm\asm\7.1\asm-7.1.jar;C:\Users\testinium\.m2\repository\commons-validator\commons-validator\1.6\commons-validator-1.6.jar;C:\Users\testinium\.m2\repository\commons-beanutils\commons-beanutils\1.9.2\commons-beanutils-1.9.2.jar;C:\Users\testinium\.m2\repository\commons-digester\commons-digester\1.8.1\commons-digester-1.8.1.jar;C:\Users\testinium\.m2\repository\commons-collections\commons-collections\3.2.2\commons-collections-3.2.2.jar;C:\Users\testinium\.m2\repository\org\apache\commons\commons-lang3\3.9\commons-lang3-3.9.jar;C:\Users\testinium\.m2\repository\org\springframework\spring-context\5.1.8.RELEASE\spring-context-5.1.8.RELEASE.jar;C:\Users\testinium\.m2\repository\org\springframework\spring-aop\5.1.8.RELEASE\spring-aop-5.1.8.RELEASE.jar;C:\Users\testinium\.m2\repository\org\springframework\spring-beans\5.1.8.RELEASE\spring-beans-5.1.8.RELEASE.jar;C:\Users\testinium\.m2\repository\org\springframework\spring-core\5.1.8.RELEASE\spring-core-5.1.8.RELEASE.jar;C:\Users\testinium\.m2\repository\org\springframework\spring-jcl\5.1.8.RELEASE\spring-jcl-5.1.8.RELEASE.jar;C:\Users\testinium\.m2\repository\org\springframework\spring-expression\5.1.8.RELEASE\spring-expression-5.1.8.RELEASE.jar;C:\Users\testinium\.m2\repository\org\aspectj\aspectjweaver\1.9.4\aspectjweaver-1.9.4.jar;C:\Users\testinium\.m2\repository\org\testng\testng\6.14.3\testng-6.14.3.jar;C:\Users\testinium\.m2\repository\com\beust\jcommander\1.72\jcommander-1.72.jar;C:\Users\testinium\.m2\repository\org\apache-extras\beanshell\bsh\2.0b6\bsh-2.0b6.jar;C:\Users\testinium\.m2\repository\org\slf4j\slf4j-api\1.7.30\slf4j-api-1.7.30.jar;C:\Users\testinium\.m2\repository\org\slf4j\slf4j-log4j12\1.7.30\slf4j-log4j12-1.7.30.jar;C:\Users\testinium\.m2\repository\log4j\log4j\1.2.17\log4j-1.2.17.jar;C:\Users\testinium\.m2\repository\org\apache\poi\poi\4.1.2\poi-4.1.2.jar;C:\Users\testinium\.m2\repository\commons-codec\commons-codec\1.13\commons-codec-1.13.jar;C:\Users\testinium\.m2\repository\org\apache\commons\commons-collections4\4.4\commons-collections4-4.4.jar;C:\Users\testinium\.m2\repository\org\apache\commons\commons-math3\3.6.1\commons-math3-3.6.1.jar;C:\Users\testinium\.m2\repository\com\zaxxer\SparseBitSet\1.2\SparseBitSet-1.2.jar
02-06-2021 22:50:07.574 [java] [DEBUG] Connecting to port: 65072
02-06-2021 22:50:07.583 [Gauge] [DEBUG] Established connection to runner.
02-06-2021 22:50:07.583 [Gauge] [DEBUG] Validation started.
02-06-2021 22:50:07.583 [java] [DEBUG] Connected to 127.0.0.1:65072
02-06-2021 22:50:07.959 [Gauge] [DEBUG] Checking updates...
02-06-2021 22:50:07.968 [Gauge] [DEBUG] Downloading https://downloads.gauge.org/plugin/html-report?l=java&p=html-report,java,screenshot,spectacle,xml-report&o=windows&a=amd64
02-06-2021 22:50:08.387 [Gauge] [DEBUG] Downloading https://downloads.gauge.org/plugin/java?l=java&p=html-report,java,screenshot,spectacle,xml-report&o=windows&a=amd64
02-06-2021 22:50:08.538 [Gauge] [DEBUG] Downloading https://downloads.gauge.org/plugin/screenshot?l=java&p=html-report,java,screenshot,spectacle,xml-report&o=windows&a=amd64
02-06-2021 22:50:08.705 [Gauge] [DEBUG] Downloading https://downloads.gauge.org/plugin/spectacle?l=java&p=html-report,java,screenshot,spectacle,xml-report&o=windows&a=amd64
02-06-2021 22:50:08.881 [Gauge] [DEBUG] Downloading https://downloads.gauge.org/plugin/xml-report?l=java&p=html-report,java,screenshot,spectacle,xml-report&o=windows&a=amd64
02-06-2021 22:50:12.881 [java] [DEBUG] Scanning packages for steps
02-06-2021 22:50:12.944 [java] [DEBUG] Scanning packages for hooks
02-06-2021 22:50:15.790 [Gauge] [DEBUG] Validation completed.
02-06-2021 22:50:15.792 [Gauge] [DEBUG] Run started
02-06-2021 22:50:15.793 [Gauge] [DEBUG] Starting Html Report plugin
02-06-2021 22:50:15.860 [Gauge] [DEBUG] Attempting to connect to grpc server at port: 65082
02-06-2021 22:50:15.864 [Gauge] [DEBUG] Successfully made the connection with plugin with port: 65082
02-06-2021 22:50:15.864 [Gauge] [DEBUG] Initialising suite data store.
02-06-2021 22:50:15.887 [html-report] [DEBUG] Transformed SuiteResult to report structure
02-06-2021 22:50:15.912 [html-report] [INFO] Successfully generated html-report to => C:\Users\testinium\IdeaProjects\GaugeProject\reports\html-report\index.html
02-06-2021 22:50:15.912 [html-report] [DEBUG] Done generating HTML report using theme from C:\Users\testinium\AppData\Roaming\gauge\plugins\html-report\4.0.9\themes\default
02-06-2021 22:50:15.912 [Gauge] [DEBUG] Sending kill message to Html Report plugin.
02-06-2021 22:50:15.913 [Gauge] [DEBUG] Sending kill message to runner.
02-06-2021 22:50:15.914 [java] [DEBUG] Kill process request recieved
02-06-2021 22:50:16.116 [Gauge] [DEBUG] Runner with PID:6944 has exited
02-06-2021 22:50:16.116 [Gauge] [INFO] Specifications:	1 executed	0 passed	1 failed	0 skipped
02-06-2021 22:50:16.116 [Gauge] [INFO] Scenarios:	0 executed	0 passed	0 failed	0 skipped
02-06-2021 22:50:16.116 [Gauge] [INFO] 
Total time taken: 93ms
02-06-2021 22:50:16.116 [Gauge] [INFO] Updates are available. Run `gauge update -c` for more info.
